shared/build/intermediates/manifest_merge_blame_file/release/manifest-merger-blame-release-report.txt
1<?xml version="1.0" encoding="utf-8"?>
2<manifest xmlns:android="http://schemas.android.com/apk/res/android"
3    package="com.smartfarm.shared" >
4
5    <uses-sdk android:minSdkVersion="24" />
5-->ProcessLibraryManifest\release\tempAndroidManifest12330115025708552264.xml
6
7</manifest>